TN:
SF:controllers\cars.js
FN:5,(anonymous_0)
FN:17,(anonymous_1)
FN:24,(anonymous_2)
FN:26,(anonymous_3)
FN:35,(anonymous_4)
FN:51,(anonymous_5)
FN:72,(anonymous_6)
FNF:7
FNH:7
FNDA:3,(anonymous_0)
FNDA:4,(anonymous_1)
FNDA:1,(anonymous_2)
FNDA:2,(anonymous_3)
FNDA:2,(anonymous_4)
FNDA:3,(anonymous_5)
FNDA:3,(anonymous_6)
DA:5,2
DA:6,3
DA:7,3
DA:8,2
DA:9,1
DA:11,1
DA:13,1
DA:17,2
DA:18,4
DA:19,4
DA:20,4
DA:21,3
DA:23,3
DA:24,1
DA:26,2
DA:29,3
DA:31,1
DA:35,2
DA:36,2
DA:37,2
DA:38,2
DA:45,1
DA:47,1
DA:51,2
DA:52,3
DA:53,3
DA:54,2
DA:55,1
DA:58,1
DA:59,1
DA:60,1
DA:61,1
DA:62,1
DA:64,1
DA:65,1
DA:67,1
DA:68,1
DA:72,2
DA:73,3
DA:74,3
DA:75,2
DA:76,1
DA:79,1
DA:80,1
DA:82,1
DA:83,1
LF:46
LH:46
BRDA:8,0,0,1
BRDA:8,0,1,1
BRDA:23,1,0,1
BRDA:23,1,1,2
BRDA:23,2,0,3
BRDA:23,2,1,1
BRDA:54,3,0,1
BRDA:54,3,1,1
BRDA:75,4,0,1
BRDA:75,4,1,1
BRF:10
BRH:10
end_of_record
TN:
SF:controllers\owners.js
FN:6,(anonymous_0)
FN:15,(anonymous_1)
FN:27,(anonymous_2)
FN:42,(anonymous_3)
FN:59,(anonymous_4)
FNF:5
FNH:5
FNDA:2,(anonymous_0)
FNDA:3,(anonymous_1)
FNDA:2,(anonymous_2)
FNDA:3,(anonymous_3)
FNDA:4,(anonymous_4)
DA:6,2
DA:7,2
DA:8,2
DA:9,1
DA:11,1
DA:15,2
DA:16,3
DA:17,3
DA:18,2
DA:19,1
DA:21,1
DA:23,1
DA:27,2
DA:28,2
DA:29,2
DA:30,2
DA:35,1
DA:37,1
DA:38,1
DA:42,2
DA:43,3
DA:44,3
DA:45,3
DA:46,2
DA:47,1
DA:49,1
DA:50,1
DA:51,1
DA:52,1
DA:54,1
DA:55,1
DA:59,2
DA:60,4
DA:61,4
DA:62,3
DA:63,1
DA:66,2
DA:67,2
DA:68,1
DA:71,1
DA:72,1
DA:74,1
DA:75,1
LF:43
LH:43
BRDA:18,0,0,1
BRDA:18,0,1,1
BRDA:46,1,0,1
BRDA:46,1,1,1
BRDA:62,2,0,1
BRDA:62,2,1,2
BRDA:67,3,0,1
BRDA:67,3,1,1
BRF:8
BRH:8
end_of_record
TN:
SF:models\cars.js
FNF:0
FNH:0
DA:5,2
DA:34,2
DA:35,2
LF:3
LH:3
BRF:0
BRH:0
end_of_record
TN:
SF:models\index.js
FN:21,(anonymous_0)
FN:29,(anonymous_1)
FN:34,(anonymous_2)
FNF:3
FNH:0
FNDA:0,(anonymous_0)
FNDA:0,(anonymous_1)
FNDA:0,(anonymous_2)
DA:3,0
DA:4,0
DA:5,0
DA:6,0
DA:7,0
DA:8,0
DA:9,0
DA:10,0
DA:13,0
DA:14,0
DA:16,0
DA:19,0
DA:22,0
DA:30,0
DA:31,0
DA:34,0
DA:35,0
DA:36,0
DA:40,0
DA:41,0
DA:43,0
LF:21
LH:0
BRDA:8,0,0,0
BRDA:8,0,1,0
BRDA:13,1,0,0
BRDA:13,1,1,0
BRDA:23,2,0,0
BRDA:23,2,1,0
BRDA:23,2,2,0
BRDA:23,2,3,0
BRDA:35,3,0,0
BRDA:35,3,1,0
BRF:10
BRH:0
end_of_record
TN:
SF:models\owner.js
FNF:0
FNH:0
DA:4,3
LF:1
LH:1
BRF:0
BRH:0
end_of_record
